<?xml version="1.0" encoding="UTF-8"?>
<testng-results ignored="0" total="4" passed="4" failed="0" skipped="0">
  <reporter-output>
  </reporter-output>
  <suite started-at="2023-05-01T17:14:57 EDT" name="petSuite" finished-at="2023-05-01T17:15:02 EDT" duration-ms="4791">
    <groups>
    </groups>
    <test started-at="2023-05-01T17:14:57 EDT" name="petTests" finished-at="2023-05-01T17:15:02 EDT" duration-ms="4791">
      <class name="api.test.Usertests2">
        <test-method is-config="true" signature="setup()[pri:0, instance:api.test.Usertests2@57c758ac]" started-at="2023-05-01T17:14:57 EDT" name="setup" finished-at="2023-05-01T17:14:57 EDT" duration-ms="409" status="PASS">
          <reporter-output>
          </reporter-output>
        </test-method> <!-- setup -->
        <test-method signature="testPostUser()[pri:1, instance:api.test.Usertests2@57c758ac]" started-at="2023-05-01T17:14:57 EDT" name="testPostUser" finished-at="2023-05-01T17:14:59 EDT" duration-ms="2003" status="PASS">
          <reporter-output>
          </reporter-output>
        </test-method> <!-- testPostUser -->
        <test-method signature="testgetUserByName()[pri:2, instance:api.test.Usertests2@57c758ac]" started-at="2023-05-01T17:14:59 EDT" name="testgetUserByName" finished-at="2023-05-01T17:15:00 EDT" duration-ms="731" status="PASS">
          <reporter-output>
          </reporter-output>
        </test-method> <!-- testgetUserByName -->
        <test-method signature="testUpdateUserByName()[pri:3, instance:api.test.Usertests2@57c758ac]" started-at="2023-05-01T17:15:00 EDT" name="testUpdateUserByName" finished-at="2023-05-01T17:15:01 EDT" duration-ms="1088" status="PASS">
          <reporter-output>
          </reporter-output>
        </test-method> <!-- testUpdateUserByName -->
        <test-method signature="testDeleteUserByName()[pri:4, instance:api.test.Usertests2@57c758ac]" started-at="2023-05-01T17:15:01 EDT" name="testDeleteUserByName" finished-at="2023-05-01T17:15:02 EDT" duration-ms="367" status="PASS">
          <reporter-output>
          </reporter-output>
        </test-method> <!-- testDeleteUserByName -->
      </class> <!-- api.test.Usertests2 -->
    </test> <!-- petTests -->
  </suite> <!-- petSuite -->
</testng-results>
