<?xml version="1.0" encoding="UTF-8"?>
<testng-results ignored="0" total="4" passed="4" failed="0" skipped="0">
  <reporter-output>
  </reporter-output>
  <suite started-at="2023-05-01T16:11:41 EDT" name="petSuite" finished-at="2023-05-01T16:11:46 EDT" duration-ms="5633">
    <groups>
    </groups>
    <test started-at="2023-05-01T16:11:41 EDT" name="petTests" finished-at="2023-05-01T16:11:46 EDT" duration-ms="5633">
      <class name="api.test.Usertests2">
        <test-method is-config="true" signature="setup()[pri:0, instance:api.test.Usertests2@4fb61f4a]" started-at="2023-05-01T16:11:41 EDT" name="setup" finished-at="2023-05-01T16:11:41 EDT" duration-ms="485" status="PASS">
          <reporter-output>
          </reporter-output>
        </test-method> <!-- setup -->
        <test-method signature="testPostUser()[pri:1, instance:api.test.Usertests2@4fb61f4a]" started-at="2023-05-01T16:11:42 EDT" name="testPostUser" finished-at="2023-05-01T16:11:44 EDT" duration-ms="2080" status="PASS">
          <reporter-output>
          </reporter-output>
        </test-method> <!-- testPostUser -->
        <test-method signature="testgetUserByName()[pri:2, instance:api.test.Usertests2@4fb61f4a]" started-at="2023-05-01T16:11:44 EDT" name="testgetUserByName" finished-at="2023-05-01T16:11:44 EDT" duration-ms="839" status="PASS">
          <reporter-output>
          </reporter-output>
        </test-method> <!-- testgetUserByName -->
        <test-method signature="testUpdateUserByName()[pri:3, instance:api.test.Usertests2@4fb61f4a]" started-at="2023-05-01T16:11:44 EDT" name="testUpdateUserByName" finished-at="2023-05-01T16:11:46 EDT" duration-ms="1195" status="PASS">
          <reporter-output>
          </reporter-output>
        </test-method> <!-- testUpdateUserByName -->
        <test-method signature="testDeleteUserByName()[pri:4, instance:api.test.Usertests2@4fb61f4a]" started-at="2023-05-01T16:11:46 EDT" name="testDeleteUserByName" finished-at="2023-05-01T16:11:46 EDT" duration-ms="824" status="PASS">
          <reporter-output>
          </reporter-output>
        </test-method> <!-- testDeleteUserByName -->
      </class> <!-- api.test.Usertests2 -->
    </test> <!-- petTests -->
  </suite> <!-- petSuite -->
</testng-results>
