<?xml version="1.0" encoding="UTF-8"?>
<!-- Generated by org.testng.reporters.JUnitXMLReporter -->
<testsuite ignored="0" hostname="CANTRN498411L" failures="0" tests="4" name="petTests" time="4.791" errors="0" timestamp="2023-05-01T17:15:02 EDT">
  <testcase classname="api.test.Usertests2" name="testPostUser" time="2.003"/>
  <testcase classname="api.test.Usertests2" name="testgetUserByName" time="0.731"/>
  <testcase classname="api.test.Usertests2" name="testUpdateUserByName" time="1.088"/>
  <testcase classname="api.test.Usertests2" name="testDeleteUserByName" time="0.367"/>
</testsuite> <!-- petTests -->
