<?xml version="1.0" encoding="UTF-8"?>
<!-- Generated by org.testng.reporters.JUnitXMLReporter -->
<testsuite ignored="0" hostname="CANTRN498411L" failures="0" tests="4" name="petTests" time="5.633" errors="0" timestamp="2023-05-01T16:11:47 EDT">
  <testcase classname="api.test.Usertests2" name="testPostUser" time="2.08"/>
  <testcase classname="api.test.Usertests2" name="testgetUserByName" time="0.839"/>
  <testcase classname="api.test.Usertests2" name="testUpdateUserByName" time="1.195"/>
  <testcase classname="api.test.Usertests2" name="testDeleteUserByName" time="0.824"/>
</testsuite> <!-- petTests -->
